android/app/build/outputs/logs/manifest-merger-release-report.txt
-- Merging decision tree log ---
manifest
ADDED from src/main/AndroidManifest.xml:1:1-76:12
INJECTED from src/main/AndroidManifest.xml:1:1-76:12
INJECTED from src/main/AndroidManifest.xml:1:1-76:12
INJECTED from src/main/AndroidManifest.xml:1:1-76:12
MERGED from [:amplify_api_android] AndroidManifest.xml:2:1-7:12
MERGED from [:amplify_auth_cognito_android] AndroidManifest.xml:2:1-7:12
MERGED from [:amplify_datastore] AndroidManifest.xml:2:1-7:12
MERGED from [:amplify_storage_s3_android] AndroidManifest.xml:2:1-7:12
MERGED from [:amplify_flutter_android] AndroidManifest.xml:2:1-7:12
MERGED from [:amplify_analytics_pinpoint_android] AndroidManifest.xml:2:1-13:12
MERGED from [:amplify_core] AndroidManifest.xml:2:1-7:12
MERGED from [:firebase_messaging] AndroidManifest.xml:2:1-46:12
MERGED from [:firebase_core] AndroidManifest.xml:2:1-15:12
MERGED from [:geolocator_android] AndroidManifest.xml:2:1-17:12
MERGED from [:google_maps_flutter] AndroidManifest.xml:2:1-7:12
MERGED from [:flutter_local_notifications] AndroidManifest.xml:2:1-28:12
MERGED from [:path_provider_android] AndroidManifest.xml:2:1-7:12
MERGED from [:shared_preferences_android] AndroidManifest.xml:2:1-7:12
MERGED from [:geocoding] AndroidManifest.xml:2:1-7:12
MERGED from [:razorpay_flutter] AndroidManifest.xml:2:1-10:12
MERGED from [:fluttertoast] AndroidManifest.xml:2:1-7:12
MERGED from [:share] AndroidManifest.xml:2:1-19:12
MERGED from [:alt_sms_autofill] AndroidManifest.xml:2:1-11:12
MERGED from [:flutter_plugin_android_lifecycle] AndroidManifest.xml:2:1-7:12
MERGED from [:sqflite] AndroidManifest.xml:2:1-7:12
MERGED from [:url_launcher_android] AndroidManifest.xml:2:1-14:12
MERGED from [:connectivity_plus] AndroidManifest.xml:2:1-9:12
MERGED from [:permission_handler_android] AndroidManifest.xml:2:1-7:12
MERGED from [:google_api_headers] AndroidManifest.xml:2:1-7:12
MERGED from [:package_info_plus] AndroidManifest.xml:2:1-7:12
MERGED from [:location] AndroidManifest.xml:2:1-18:12
MERGED from [androidx.window:window-java:1.0.0-beta04] AndroidManifest.xml:17:1-23:12
MERGED from [com.amplifyframework:aws-api:1.33.0] AndroidManifest.xml:16:1-26:12
MERGED from [com.amplifyframework:aws-datastore:1.33.0] AndroidManifest.xml:16:1-24:12
MERGED from [com.amplifyframework:aws-api-appsync:1.33.0] AndroidManifest.xml:16:1-24:12
MERGED from [com.amplifyframework:aws-auth-cognito:1.33.0] AndroidManifest.xml:16:1-24:12
MERGED from [com.amplifyframework:aws-storage-s3:1.33.0] AndroidManifest.xml:16:1-30:12
MERGED from [com.amplifyframework:aws-analytics-pinpoint:1.33.0] AndroidManifest.xml:16:1-24:12
MERGED from [com.amplifyframework:core:1.33.0] AndroidManifest.xml:16:1-32:12
MERGED from [androidx.navigation:navigation-dynamic-features-fragment:2.3.4] AndroidManifest.xml:17:1-24:12
MERGED from [androidx.navigation:navigation-fragment-ktx:2.3.4] AndroidManifest.xml:17:1-24:12
MERGED from [androidx.navigation:navigation-ui-ktx:2.3.4] AndroidManifest.xml:17:1-24:12
MERGED from [androidx.navigation:navigation-dynamic-features-runtime:2.3.4] AndroidManifest.xml:17:1-24:12
MERGED from [androidx.navigation:navigation-runtime-ktx:2.3.4] AndroidManifest.xml:17:1-24:12
MERGED from [androidx.fragment:fragment-ktx:1.2.4] AndroidManifest.xml:17:1-24:12
MERGED from [androidx.activity:activity-ktx:1.1.0] AndroidManifest.xml:17:1-24:12
MERGED from [androidx.lifecycle:lifecycle-viewmodel-ktx:2.2.0] AndroidManifest.xml:17:1-24:12
MERGED from [androidx.window:window:1.0.0-beta04] AndroidManifest.xml:17:1-33:12
MERGED from [androidx.lifecycle:lifecycle-runtime-ktx:2.2.0] AndroidManifest.xml:17:1-24:12
MERGED from [com.google.firebase:firebase-analytics:21.0.0] AndroidManifest.xml:2:1-9:12
MERGED from [com.google.firebase:firebase-messaging:23.0.5] AndroidManifest.xml:17:1-61:12
MERGED from [com.google.firebase:firebase-datatransport:18.1.4] AndroidManifest.xml:15:1-34:12
MERGED from [com.google.android.datatransport:transport-backend-cct:3.1.5] AndroidManifest.xml:15:1-38:12
MERGED from [com.google.android.datatransport:transport-runtime:3.1.5] AndroidManifest.xml:15:1-41:12
MERGED from [com.google.firebase:firebase-encoders-json:18.0.0] AndroidManifest.xml:15:1-23:12
MERGED from [com.google.android.gms:play-services-measurement-api:21.0.0] AndroidManifest.xml:17:1-37:12
MERGED from [com.google.firebase:firebase-installations:17.0.1] AndroidManifest.xml:2:1-24:12
MERGED from [com.google.firebase:firebase-common:20.1.1] AndroidManifest.xml:15:1-40:12
MERGED from [com.amazonaws:aws-android-sdk-mobile-client:2.41.0] AndroidManifest.xml:2:1-20:12
MERGED from [com.amazonaws:aws-android-sdk-auth-core:2.41.0] AndroidManifest.xml:2:1-10:12
MERGED from [com.amazonaws:aws-android-sdk-cognitoauth:2.41.0] AndroidManifest.xml:2:1-19:12
MERGED from [com.amazonaws:aws-android-sdk-s3:2.41.0] AndroidManifest.xml:2:1-12:12
MERGED from [com.amazonaws:aws-android-sdk-pinpoint:2.41.0] AndroidManifest.xml:2:1-12:12
MERGED from [com.amazonaws:aws-android-sdk-cognitoidentityprovider:2.41.0] AndroidManifest.xml:2:1-10:12
MERGED from [com.amazonaws:aws-android-sdk-cognitoidentityprovider-asf:2.41.0] AndroidManifest.xml:2:1-10:12
MERGED from [com.amazonaws:aws-android-sdk-kms:2.41.0] AndroidManifest.xml:2:1-10:12
MERGED from [com.amazonaws:aws-android-sdk-core:2.41.0] AndroidManifest.xml:2:1-16:12
MERGED from [com.google.android.gms:play-services-measurement:21.0.0] AndroidManifest.xml:17:1-46:12
MERGED from [com.google.android.gms:play-services-measurement-sdk:21.0.0] AndroidManifest.xml:17:1-25:12
MERGED from [com.google.android.gms:play-services-measurement-impl:21.0.0] AndroidManifest.xml:17:1-32:12
MERGED from [com.google.android.gms:play-services-stats:17.0.2] AndroidManifest.xml:2:1-9:12
MERGED from [androidx.legacy:legacy-support-v4:1.0.0] AndroidManifest.xml:17:1-22:12
MERGED from [androidx.navigation:navigation-ui:2.3.4] AndroidManifest.xml:17:1-24:12
MERGED from [com.google.android.material:material:1.0.0] AndroidManifest.xml:17:1-24:12
MERGED from [androidx.recyclerview:recyclerview:1.0.0] AndroidManifest.xml:17:1-22:12
MERGED from [androidx.legacy:legacy-support-core-ui:1.0.0] AndroidManifest.xml:17:1-22:12
MERGED from [androidx.legacy:legacy-support-core-utils:1.0.0] AndroidManifest.xml:17:1-22:12
MERGED from [androidx.localbroadcastmanager:localbroadcastmanager:1.0.0] AndroidManifest.xml:17:1-22:12
MERGED from [androidx.navigation:navigation-common-ktx:2.3.4] AndroidManifest.xml:17:1-24:12
MERGED from [androidx.core:core-ktx:1.3.2] AndroidManifest.xml:2:1-9:12
MERGED from [com.google.android.datatransport:transport-api:3.0.0] AndroidManifest.xml:15:1-22:12
MERGED from [com.google.firebase:firebase-components:17.0.0] AndroidManifest.xml:15:1-23:12
MERGED from [androidx.media:media:1.1.0] AndroidManifest.xml:17:1-24:12
MERGED from [com.google.android.gms:play-services-location:17.0.0] AndroidManifest.xml:2:1-9:12
MERGED from [com.razorpay:checkout:1.6.19] AndroidManifest.xml:2:1-67:12
MERGED from [com.google.android.gms:play-services-wallet:18.1.3] AndroidManifest.xml:17:1-22:12
MERGED from [com.google.android.gms:play-services-maps:18.0.2] AndroidManifest.xml:17:1-44:12
MERGED from [com.google.android.gms:play-services-auth:18.1.0] AndroidManifest.xml:17:1-40:12
MERGED from [com.google.android.gms:play-services-auth-api-phone:17.1.0] AndroidManifest.xml:2:1-7:12
MERGED from [com.google.android.gms:play-services-auth-base:17.0.0] AndroidManifest.xml:2:1-7:12
MERGED from [com.google.android.gms:play-services-identity:17.0.0] AndroidManifest.xml:17:1-24:12
MERGED from [com.google.android.gms:play-services-base:18.0.1] AndroidManifest.xml:16:1-24:12
MERGED from [com.google.android.gms:play-services-cloud-messaging:17.0.1] AndroidManifest.xml:2:1-13:12
MERGED from [com.google.firebase:firebase-iid-interop:17.1.0] AndroidManifest.xml:2:1-10:12
MERGED from [com.google.firebase:firebase-installations-interop:17.0.1] AndroidManifest.xml:15:1-23:12
MERGED from [com.google.android.gms:play-services-tasks:18.0.1] AndroidManifest.xml:2:1-6:12
MERGED from [com.google.firebase:firebase-measurement-connector:19.0.0] AndroidManifest.xml:17:1-25:12
MERGED from [com.google.android.gms:play-services-places-placereport:17.0.0] AndroidManifest.xml:17:1-24:12
MERGED from [com.google.android.gms:play-services-ads-identifier:18.0.0] AndroidManifest.xml:17:1-27:12
MERGED from [com.google.android.gms:play-services-measurement-sdk-api:21.0.0] AndroidManifest.xml:17:1-28:12
MERGED from [com.google.android.gms:play-services-measurement-base:21.0.0] AndroidManifest.xml:2:1-9:12
MERGED from [com.google.android.gms:play-services-basement:18.0.0] AndroidManifest.xml:16:1-26:12
MERGED from [androidx.appcompat:appcompat:1.2.0] AndroidManifest.xml:17:1-24:12
MERGED from [androidx.navigation:navigation-fragment:2.3.4] AndroidManifest.xml:17:1-24:12
MERGED from [androidx.fragment:fragment:1.2.4] AndroidManifest.xml:17:1-24:12
MERGED from [androidx.loader:loader:1.0.0] AndroidManifest.xml:17:1-22:12
MERGED from [androidx.drawerlayout:drawerlayout:1.1.1] AndroidManifest.xml:17:1-24:12
MERGED from [androidx.viewpager:viewpager:1.0.0] AndroidManifest.xml:17:1-22:12
MERGED from [androidx.coordinatorlayout:coordinatorlayout:1.0.0] AndroidManifest.xml:17:1-22:12
MERGED from [androidx.slidingpanelayout:slidingpanelayout:1.0.0] AndroidManifest.xml:17:1-22:12
MERGED from [androidx.customview:customview:1.1.0] AndroidManifest.xml:17:1-24:12
MERGED from [androidx.transition:transition:1.3.0] AndroidManifest.xml:17:1-24:12
MERGED from [androidx.appcompat:appcompat-resources:1.2.0] AndroidManifest.xml:17:1-24:12
MERGED from [androidx.browser:browser:1.3.0] AndroidManifest.xml:17:1-24:12
MERGED from [androidx.swiperefreshlayout:swiperefreshlayout:1.0.0] AndroidManifest.xml:17:1-22:12
MERGED from [androidx.asynclayoutinflater:asynclayoutinflater:1.0.0] AndroidManifest.xml:17:1-22:12
MERGED from [androidx.navigation:navigation-runtime:2.3.4] AndroidManifest.xml:17:1-24:12
MERGED from [androidx.activity:activity:1.1.0] AndroidManifest.xml:17:1-24:12
MERGED from [androidx.navigation:navigation-common:2.3.4] AndroidManifest.xml:17:1-24:12
MERGED from [androidx.vectordrawable:vectordrawable-animated:1.1.0] AndroidManifest.xml:17:1-24:12
MERGED from [androidx.vectordrawable:vectordrawable:1.1.0] AndroidManifest.xml:17:1-24:12
MERGED from [androidx.core:core:1.6.0] AndroidManifest.xml:17:1-26:12
MERGED from [androidx.lifecycle:lifecycle-runtime:2.2.0] AndroidManifest.xml:17:1-24:12
MERGED from [androidx.lifecycle:lifecycle-livedata:2.0.0] AndroidManifest.xml:17:1-22:12
MERGED from [androidx.lifecycle:lifecycle-viewmodel-savedstate:2.2.0] AndroidManifest.xml:17:1-24:12
MERGED from [androidx.lifecycle:lifecycle-livedata-core-ktx:2.2.0] AndroidManifest.xml:17:1-24:12
MERGED from [androidx.lifecycle:lifecycle-livedata-core:2.2.0] AndroidManifest.xml:17:1-24:12
MERGED from [androidx.savedstate:savedstate:1.0.0] AndroidManifest.xml:17:1-24:12
MERGED from [androidx.tracing:tracing:1.0.0] AndroidManifest.xml:17:1-24:12
MERGED from [androidx.versionedparcelable:versionedparcelable:1.1.1] AndroidManifest.xml:17:1-27:12
MERGED from [androidx.arch.core:core-runtime:2.1.0] AndroidManifest.xml:17:1-24:12
MERGED from [androidx.cursoradapter:cursoradapter:1.0.0] AndroidManifest.xml:17:1-22:12
MERGED from [androidx.documentfile:documentfile:1.0.0] AndroidManifest.xml:17:1-22:12
MERGED from [androidx.print:print:1.0.0] AndroidManifest.xml:17:1-22:12
MERGED from [androidx.interpolator:interpolator:1.0.0] AndroidManifest.xml:17:1-22:12
MERGED from [androidx.lifecycle:lifecycle-viewmodel:2.2.0] AndroidManifest.xml:17:1-24:12
MERGED from [androidx.cardview:cardview:1.0.0] AndroidManifest.xml:17:1-22:12
MERGED from [com.jakewharton.threetenabp:threetenabp:1.2.3] AndroidManifest.xml:2:1-9:12
MERGED from [io.reactivex.rxjava3:rxandroid:3.0.0] AndroidManifest.xml:15:1-20:12
MERGED from [androidx.multidex:multidex:2.0.1] AndroidManifest.xml:17:1-22:12
MERGED from [androidx.annotation:annotation-experimental:1.1.0] AndroidManifest.xml:17:1-24:12
MERGED from [com.google.android.play:core:1.9.1] AndroidManifest.xml:2:1-23:12
INJECTED from src/main/AndroidManifest.xml:1:1-76:12
INJECTED from src/main/AndroidManifest.xml:1:1-76:12
INJECTED from src/main/AndroidManifest.xml:1:1-76:12
	package
		ADDED from src/main/AndroidManifest.xml:2:5-35
		INJECTED from src/main/AndroidManifest.xml
		INJECTED from src/main/AndroidManifest.xml
	android:versionName
		INJECTED from src/main/AndroidManifest.xml
		ADDED from src/main/AndroidManifest.xml:1:1-76:12
		INJECTED from src/main/AndroidManifest.xml
	android:versionCode
		INJECTED from src/main/AndroidManifest.xml
		ADDED from src/main/AndroidManifest.xml:1:1-76:12
		INJECTED from src/main/AndroidManifest.xml
	xmlns:android
		ADDED from src/main/AndroidManifest.xml:1:11-69
uses-permission#android.permission.INTERNET
ADDED from src/main/AndroidManifest.xml:4:5-67
MERGED from [:firebase_messaging] AndroidManifest.xml:7:5-67
MERGED from [:firebase_messaging] AndroidManifest.xml:7:5-67
MERGED from [com.amplifyframework:aws-api:1.33.0] AndroidManifest.xml:24:5-67
MERGED from [com.amplifyframework:aws-api:1.33.0] AndroidManifest.xml:24:5-67
MERGED from [com.amplifyframework:core:1.33.0] AndroidManifest.xml:24:5-67
MERGED from [com.amplifyframework:core:1.33.0] AndroidManifest.xml:24:5-67
MERGED from [com.google.android.datatransport:transport-backend-cct:3.1.5] AndroidManifest.xml:26:5-67
MERGED from [com.google.android.datatransport:transport-backend-cct:3.1.5] AndroidManifest.xml:26:5-67
MERGED from [com.google.android.gms:play-services-measurement-api:21.0.0] AndroidManifest.xml:22:5-67
MERGED from [com.google.android.gms:play-services-measurement-api:21.0.0] AndroidManifest.xml:22:5-67
MERGED from [com.google.firebase:firebase-installations:17.0.1] AndroidManifest.xml:11:5-67
MERGED from [com.google.firebase:firebase-installations:17.0.1] AndroidManifest.xml:11:5-67
MERGED from [com.amazonaws:aws-android-sdk-mobile-client:2.41.0] AndroidManifest.xml:17:5-67
MERGED from [com.amazonaws:aws-android-sdk-mobile-client:2.41.0] AndroidManifest.xml:17:5-67
MERGED from [com.google.android.gms:play-services-measurement:21.0.0] AndroidManifest.xml:23:5-67
MERGED from [com.google.android.gms:play-services-measurement:21.0.0] AndroidManifest.xml:23:5-67
MERGED from [com.google.android.gms:play-services-measurement-impl:21.0.0] AndroidManifest.xml:23:5-67
MERGED from [com.google.android.gms:play-services-measurement-impl:21.0.0] AndroidManifest.xml:23:5-67
MERGED from [com.razorpay:checkout:1.6.19] AndroidManifest.xml:9:5-67
MERGED from [com.razorpay:checkout:1.6.19] AndroidManifest.xml:9:5-67
MERGED from [com.google.android.gms:play-services-maps:18.0.2] AndroidManifest.xml:24:5-67
MERGED from [com.google.android.gms:play-services-maps:18.0.2] AndroidManifest.xml:24:5-67
MERGED from [com.google.android.gms:play-services-cloud-messaging:17.0.1] AndroidManifest.xml:8:5-67
MERGED from [com.google.android.gms:play-services-cloud-messaging:17.0.1] AndroidManifest.xml:8:5-67
MERGED from [com.google.android.gms:play-services-measurement-sdk-api:21.0.0] AndroidManifest.xml:23:5-67
MERGED from [com.google.android.gms:play-services-measurement-sdk-api:21.0.0] AndroidManifest.xml:23:5-67
	android:name
		ADDED from src/main/AndroidManifest.xml:4:22-64
uses-permission#android.permission.ACCESS_NETWORK_STATE
ADDED from src/main/AndroidManifest.xml:5:5-79
MERGED from [:firebase_messaging] AndroidManifest.xml:9:5-79
MERGED from [:firebase_messaging] AndroidManifest.xml:9:5-79
MERGED from [:connectivity_plus] AndroidManifest.xml:7:5-79
MERGED from [:connectivity_plus] AndroidManifest.xml:7:5-79
MERGED from [com.google.firebase:firebase-messaging:23.0.5] AndroidManifest.xml:25:5-79
MERGED from [com.google.firebase:firebase-messaging:23.0.5] AndroidManifest.xml:25:5-79
MERGED from [com.google.android.datatransport:transport-backend-cct:3.1.5] AndroidManifest.xml:25:5-79
MERGED from [com.google.android.datatransport:transport-backend-cct:3.1.5] AndroidManifest.xml:25:5-79
MERGED from [com.google.android.datatransport:transport-runtime:3.1.5] AndroidManifest.xml:22:5-79
MERGED from [com.google.android.datatransport:transport-runtime:3.1.5] AndroidManifest.xml:22:5-79
MERGED from [com.google.android.gms:play-services-measurement-api:21.0.0] AndroidManifest.xml:23:5-79
MERGED from [com.google.android.gms:play-services-measurement-api:21.0.0] AndroidManifest.xml:23:5-79
MERGED from [com.google.firebase:firebase-installations:17.0.1] AndroidManifest.xml:10:5-79
MERGED from [com.google.firebase:firebase-installations:17.0.1] AndroidManifest.xml:10:5-79
MERGED from [com.amazonaws:aws-android-sdk-mobile-client:2.41.0] AndroidManifest.xml:18:5-79
MERGED from [com.amazonaws:aws-android-sdk-mobile-client:2.41.0] AndroidManifest.xml:18:5-79
MERGED from [com.amazonaws:aws-android-sdk-s3:2.41.0] AndroidManifest.xml:10:5-79
MERGED from [com.amazonaws:aws-android-sdk-s3:2.41.0] AndroidManifest.xml:10:5-79
MERGED from [com.amazonaws:aws-android-sdk-pinpoint:2.41.0] AndroidManifest.xml:10:5-79
MERGED from [com.amazonaws:aws-android-sdk-pinpoint:2.41.0] AndroidManifest.xml:10:5-79
MERGED from [com.google.android.gms:play-services-measurement:21.0.0] AndroidManifest.xml:24:5-79
MERGED from [com.google.android.gms:play-services-measurement:21.0.0] AndroidManifest.xml:24:5-79
MERGED from [com.google.android.gms:play-services-measurement-impl:21.0.0] AndroidManifest.xml:24:5-79
MERGED from [com.google.android.gms:play-services-measurement-impl:21.0.0] AndroidManifest.xml:24:5-79
MERGED from [com.google.android.gms:play-services-maps:18.0.2] AndroidManifest.xml:23:5-79
MERGED from [com.google.android.gms:play-services-maps:18.0.2] AndroidManifest.xml:23:5-79
MERGED from [com.google.android.gms:play-services-cloud-messaging:17.0.1] AndroidManifest.xml:7:5-79
MERGED from [com.google.android.gms:play-services-cloud-messaging:17.0.1] AndroidManifest.xml:7:5-79
MERGED from [com.google.android.gms:play-services-measurement-sdk-api:21.0.0] AndroidManifest.xml:24:5-79
MERGED from [com.google.android.gms:play-services-measurement-sdk-api:21.0.0] AndroidManifest.xml:24:5-79
	android:name
		ADDED from src/main/AndroidManifest.xml:5:22-76
uses-permission#android.permission.ACCESS_FINE_LOCATION
ADDED from src/main/AndroidManifest.xml:6:5-79
MERGED from [:location] AndroidManifest.xml:8:5-79
MERGED from [:location] AndroidManifest.xml:8:5-79
	android:name
		ADDED from src/main/AndroidManifest.xml:6:22-76
queries
ADDED from src/main/AndroidManifest.xml:7:5-12:15
MERGED from [com.razorpay:checkout:1.6.19] AndroidManifest.xml:11:5-37:15
MERGED from [com.razorpay:checkout:1.6.19] AndroidManifest.xml:11:5-37:15
MERGED from [com.google.android.gms:play-services-maps:18.0.2] AndroidManifest.xml:30:5-34:15
MERGED from [com.google.android.gms:play-services-maps:18.0.2] AndroidManifest.xml:30:5-34:15
intent#action:name:android.support.customtabs.action.CustomTabsService
ADDED from src/main/AndroidManifest.xml:8:9-11:18
action#android.support.customtabs.action.CustomTabsService
ADDED from src/main/AndroidManifest.xml:9:13-10:73
	android:name
		ADDED from src/main/AndroidManifest.xml:9:21-104
application
ADDED from src/main/AndroidManifest.xml:14:4-75:19
MERGED from [:amplify_analytics_pinpoint_android] AndroidManifest.xml:7:5-11:19
MERGED from [:amplify_analytics_pinpoint_android] AndroidManifest.xml:7:5-11:19
MERGED from [:firebase_messaging] AndroidManifest.xml:11:5-44:19
MERGED from [:firebase_messaging] AndroidManifest.xml:11:5-44:19
MERGED from [:firebase_core] AndroidManifest.xml:7:5-13:19
MERGED from [:firebase_core] AndroidManifest.xml:7:5-13:19
MERGED from [:geolocator_android] AndroidManifest.xml:9:5-15:19
MERGED from [:geolocator_android] AndroidManifest.xml:9:5-15:19
MERGED from [:flutter_local_notifications] AndroidManifest.xml:12:5-26:19
MERGED from [:flutter_local_notifications] AndroidManifest.xml:12:5-26:19
MERGED from [:razorpay_flutter] AndroidManifest.xml:7:5-8:19
MERGED from [:razorpay_flutter] AndroidManifest.xml:7:5-8:19
MERGED from [:share] AndroidManifest.xml:7:5-17:19
MERGED from [:share] AndroidManifest.xml:7:5-17:19
MERGED from [:url_launcher_android] AndroidManifest.xml:7:5-12:19
MERGED from [:url_launcher_android] AndroidManifest.xml:7:5-12:19
MERGED from [:location] AndroidManifest.xml:10:5-16:19
MERGED from [:location] AndroidManifest.xml:10:5-16:19
MERGED from [com.amplifyframework:aws-storage-s3:1.33.0] AndroidManifest.xml:24:5-28:19
MERGED from [com.amplifyframework:aws-storage-s3:1.33.0] AndroidManifest.xml:24:5-28:19
MERGED from [com.amplifyframework:core:1.33.0] AndroidManifest.xml:26:5-30:19
MERGED from [com.amplifyframework:core:1.33.0] AndroidManifest.xml:26:5-30:19
MERGED from [androidx.window:window:1.0.0-beta04] AndroidManifest.xml:24:5-31:19
MERGED from [androidx.window:window:1.0.0-beta04] AndroidManifest.xml:24:5-31:19
MERGED from [com.google.firebase:firebase-analytics:21.0.0] AndroidManifest.xml:7:5-20
MERGED from [com.google.firebase:firebase-analytics:21.0.0] AndroidManifest.xml:7:5-20
MERGED from [com.google.firebase:firebase-messaging:23.0.5] AndroidManifest.xml:30:5-59:19
MERGED from [com.google.firebase:firebase-messaging:23.0.5] AndroidManifest.xml:30:5-59:19
MERGED from [com.google.firebase:firebase-datatransport:18.1.4] AndroidManifest.xml:24:5-32:19
MERGED from [com.google.firebase:firebase-datatransport:18.1.4] AndroidManifest.xml:24:5-32:19
MERGED from [com.google.android.datatransport:transport-backend-cct:3.1.5] AndroidManifest.xml:28:5-36:19
MERGED from [com.google.android.datatransport:transport-backend-cct:3.1.5] AndroidManifest.xml:28:5-36:19
MERGED from [com.google.android.datatransport:transport-runtime:3.1.5] AndroidManifest.xml:25:5-39:19
MERGED from [com.google.android.datatransport:transport-runtime:3.1.5] AndroidManifest.xml:25:5-39:19
MERGED from [com.google.android.gms:play-services-measurement-api:21.0.0] AndroidManifest.xml:27:5-35:19
MERGED from [com.google.android.gms:play-services-measurement-api:21.0.0] AndroidManifest.xml:27:5-35:19
MERGED from [com.google.firebase:firebase-installations:17.0.1] AndroidManifest.xml:14:5-22:19
MERGED from [com.google.firebase:firebase-installations:17.0.1] AndroidManifest.xml:14:5-22:19
MERGED from [com.google.firebase:firebase-common:20.1.1] AndroidManifest.xml:25:5-38:19
MERGED from [com.google.firebase:firebase-common:20.1.1] AndroidManifest.xml:25:5-38:19
MERGED from [com.amazonaws:aws-android-sdk-cognitoauth:2.41.0] AndroidManifest.xml:11:5-17:19
MERGED from [com.amazonaws:aws-android-sdk-cognitoauth:2.41.0] AndroidManifest.xml:11:5-17:19
MERGED from [com.amazonaws:aws-android-sdk-core:2.41.0] AndroidManifest.xml:10:5-14:19
MERGED from [com.amazonaws:aws-android-sdk-core:2.41.0] AndroidManifest.xml:10:5-14:19
MERGED from [com.google.android.gms:play-services-measurement:21.0.0] AndroidManifest.xml:28:5-44:19
MERGED from [com.google.android.gms:play-services-measurement:21.0.0] AndroidManifest.xml:28:5-44:19
MERGED from [com.google.android.gms:play-services-measurement-sdk:21.0.0] AndroidManifest.xml:22:5-23:19
MERGED from [com.google.android.gms:play-services-measurement-sdk:21.0.0] AndroidManifest.xml:22:5-23:19
MERGED from [com.google.android.gms:play-services-measurement-impl:21.0.0] AndroidManifest.xml:29:5-30:19
MERGED from [com.google.android.gms:play-services-measurement-impl:21.0.0] AndroidManifest.xml:29:5-30:19
MERGED from [com.google.android.gms:play-services-stats:17.0.2] AndroidManifest.xml:7:5-20
MERGED from [com.google.android.gms:play-services-stats:17.0.2] AndroidManifest.xml:7:5-20
MERGED from [com.google.android.material:material:1.0.0] AndroidManifest.xml:22:5-20
MERGED from [com.google.android.material:material:1.0.0] AndroidManifest.xml:22:5-20
MERGED from [com.google.android.gms:play-services-location:17.0.0] AndroidManifest.xml:7:5-20
MERGED from [com.google.android.gms:play-services-location:17.0.0] AndroidManifest.xml:7:5-20
MERGED from [com.razorpay:checkout:1.6.19] AndroidManifest.xml:39:5-65:19
MERGED from [com.razorpay:checkout:1.6.19] AndroidManifest.xml:39:5-65:19
MERGED from [com.google.android.gms:play-services-maps:18.0.2] AndroidManifest.xml:36:5-42:19
MERGED from [com.google.android.gms:play-services-maps:18.0.2] AndroidManifest.xml:36:5-42:19
MERGED from [com.google.android.gms:play-services-auth:18.1.0] AndroidManifest.xml:22:5-38:19
MERGED from [com.google.android.gms:play-services-auth:18.1.0] AndroidManifest.xml:22:5-38:19
MERGED from [com.google.android.gms:play-services-identity:17.0.0] AndroidManifest.xml:22:5-20
MERGED from [com.google.android.gms:play-services-identity:17.0.0] AndroidManifest.xml:22:5-20
MERGED from [com.google.android.gms:play-services-base:18.0.1] AndroidManifest.xml:19:5-23:19
MERGED from [com.google.android.gms:play-services-base:18.0.1] AndroidManifest.xml:19:5-23:19
MERGED from [com.google.firebase:firebase-iid-interop:17.1.0] AndroidManifest.xml:7:5-8:19
MERGED from [com.google.firebase:firebase-iid-interop:17.1.0] AndroidManifest.xml:7:5-8:19
MERGED from [com.google.android.gms:play-services-tasks:18.0.1] AndroidManifest.xml:5:5-20
MERGED from [com.google.android.gms:play-services-tasks:18.0.1] AndroidManifest.xml:5:5-20
MERGED from [com.google.firebase:firebase-measurement-connector:19.0.0] AndroidManifest.xml:22:5-23:19
MERGED from [com.google.firebase:firebase-measurement-connector:19.0.0] AndroidManifest.xml:22:5-23:19
MERGED from [com.google.android.gms:play-services-places-placereport:17.0.0] AndroidManifest.xml:22:5-20
MERGED from [com.google.android.gms:play-services-places-placereport:17.0.0] AndroidManifest.xml:22:5-20
MERGED from [com.google.android.gms:play-services-ads-identifier:18.0.0] AndroidManifest.xml:25:5-20
MERGED from [com.google.android.gms:play-services-ads-identifier:18.0.0] AndroidManifest.xml:25:5-20
MERGED from [com.google.android.gms:play-services-measurement-base:21.0.0] AndroidManifest.xml:7:5-20
MERGED from [com.google.android.gms:play-services-measurement-base:21.0.0] AndroidManifest.xml:7:5-20
MERGED from [com.google.android.gms:play-services-basement:18.0.0] AndroidManifest.xml:20:5-24:19
MERGED from [com.google.android.gms:play-services-basement:18.0.0] AndroidManifest.xml:20:5-24:19
MERGED from [androidx.core:core:1.6.0] AndroidManifest.xml:24:5-89
MERGED from [androidx.core:core:1.6.0] AndroidManifest.xml:24:5-89
MERGED from [androidx.versionedparcelable:versionedparcelable:1.1.1] AndroidManifest.xml:24:5-25:19
MERGED from [androidx.versionedparcelable:versionedparcelable:1.1.1] AndroidManifest.xml:24:5-25:19
MERGED from [com.jakewharton.threetenabp:threetenabp:1.2.3] AndroidManifest.xml:7:5-20
MERGED from [com.jakewharton.threetenabp:threetenabp:1.2.3] AndroidManifest.xml:7:5-20
MERGED from [com.google.android.play:core:1.9.1] AndroidManifest.xml:10:3-21:17
MERGED from [com.google.android.play:core:1.9.1] AndroidManifest.xml:10:3-21:17
	android:appComponentFactory
		ADDED from [androidx.core:core:1.6.0] AndroidManifest.xml:24:18-86
	android:label
		ADDED from src/main/AndroidManifest.xml:15:9-31
	android:icon
		ADDED from src/main/AndroidManifest.xml:17:9-43
	android:allowBackup
		ADDED from src/main/AndroidManifest.xml:16:8-35
meta-data#com.google.android.geo.API_KEY
ADDED from src/main/AndroidManifest.xml:18:8-19:69
	android:value
		ADDED from src/main/AndroidManifest.xml:19:12-67
	android:name
		ADDED from src/main/AndroidManifest.xml:18:19-64
meta-data#com.google.android.gms.version
ADDED from src/main/AndroidManifest.xml:20:8-22:68
MERGED from [com.google.android.gms:play-services-basement:18.0.0] AndroidManifest.xml:21:9-23:69
MERGED from [com.google.android.gms:play-services-basement:18.0.0] AndroidManifest.xml:21:9-23:69
	android:value
		ADDED from src/main/AndroidManifest.xml:22:12-65
	android:name
		ADDED from src/main/AndroidManifest.xml:21:12-57
meta-data#com.google.firebase.messaging.default_notification_icon
ADDED from src/main/AndroidManifest.xml:23:8-25:53
	android:resource
		ADDED from src/main/AndroidManifest.xml:25:12-50
	android:name
		ADDED from src/main/AndroidManifest.xml:24:12-82
activity#com.bb.yatree.yatree.MainActivity
ADDED from src/main/AndroidManifest.xml:28:9-59:20
	android:launchMode
		ADDED from src/main/AndroidManifest.xml:30:13-43
	android:hardwareAccelerated
		ADDED from src/main/AndroidManifest.xml:33:13-47
	android:windowSoftInputMode
		ADDED from src/main/AndroidManifest.xml:34:13-55
	android:configChanges
		ADDED from src/main/AndroidManifest.xml:32:13-163
	android:theme
		ADDED from src/main/AndroidManifest.xml:31:13-47
	android:name
		ADDED from src/main/AndroidManifest.xml:29:13-41
meta-data#io.flutter.embedding.android.NormalTheme
ADDED from src/main/AndroidManifest.xml:39:13-42:17
	android:resource
		ADDED from src/main/AndroidManifest.xml:41:15-52
	android:name
		ADDED from src/main/AndroidManifest.xml:40:15-70
meta-data#io.flutter.embedding.android.SplashScreenDrawable
ADDED from src/main/AndroidManifest.xml:49:13-52:17
	android:resource
		ADDED from src/main/AndroidManifest.xml:51:15-61
	android:name
		ADDED from src/main/AndroidManifest.xml:50:15-79
intent-filter#action:name:android.intent.action.MAIN+category:name:android.intent.category.LAUNCHER
ADDED from src/main/AndroidManifest.xml:55:13-58:29
action#android.intent.action.MAIN
ADDED from src/main/AndroidManifest.xml:56:17-68
	android:name
		ADDED from src/main/AndroidManifest.xml:56:25-66
category#android.intent.category.LAUNCHER
ADDED from src/main/AndroidManifest.xml:57:17-76
	android:name
		ADDED from src/main/AndroidManifest.xml:57:27-74
activity#com.amplifyframework.auth.cognito.activities.HostedUIRedirectActivity
ADDED from src/main/AndroidManifest.xml:62:8-70:19
	android:name
		ADDED from src/main/AndroidManifest.xml:63:12-96
intent-filter#action:name:android.intent.action.VIEW+category:name:android.intent.category.BROWSABLE+category:name:android.intent.category.DEFAULT+data:scheme:yatreedestination
ADDED from src/main/AndroidManifest.xml:64:12-69:28
action#android.intent.action.VIEW